[     658ms] [LOG] [Fast Refresh] rebuilding @ http://localhost:3000/_next/static/chunks/node_modules_next_dist_f3530cac._.js:2298
[    1858ms] [LOG] [Fast Refresh] done in 1302ms @ http://localhost:3000/_next/static/chunks/node_modules_next_dist_f3530cac._.js:2298
[    3527ms] [INFO] %cDownload the React DevTools for a better development experience: https://react.dev/link/react-devtools font-weight:bold @ http://localhost:3000/_next/static/chunks/node_modules_next_dist_f3530cac._.js:2298
[    3686ms] [LOG] [HMR] connected @ http://localhost:3000/_next/static/chunks/node_modules_next_dist_f3530cac._.js:2298
[    3871ms] [LOG] [Fast Refresh] rebuilding @ http://localhost:3000/_next/static/chunks/node_modules_next_dist_f3530cac._.js:2298
[    4026ms] [LOG] [Fast Refresh] done in 273ms @ http://localhost:3000/_next/static/chunks/node_modules_next_dist_f3530cac._.js:2298
[    8853ms] [WARNING] @supabase/gotrue-js: Lock "lock:sb-qxgdljstlhzcavwvrlfd-auth-token" was not released within 5000ms. This may indicate an orphaned lock from a component unmount (e.g., React Strict Mode). Forcefully acquiring the lock to recover. @ http://localhost:3000/_next/static/chunks/node_modules_next_dist_f3530cac._.js:2298
[    8854ms] [WARNING] @supabase/gotrue-js: Lock "lock:sb-qxgdljstlhzcavwvrlfd-auth-token" was not released within 5000ms. This may indicate an orphaned lock from a component unmount (e.g., React Strict Mode). Forcefully acquiring the lock to recover. @ http://localhost:3000/_next/static/chunks/node_modules_next_dist_f3530cac._.js:2298
[    8854ms] [WARNING] @supabase/gotrue-js: Lock "lock:sb-qxgdljstlhzcavwvrlfd-auth-token" was not released within 5000ms. This may indicate an orphaned lock from a component unmount (e.g., React Strict Mode). Forcefully acquiring the lock to recover. @ http://localhost:3000/_next/static/chunks/node_modules_next_dist_f3530cac._.js:2298
[    8854ms] [WARNING] @supabase/gotrue-js: Lock "lock:sb-qxgdljstlhzcavwvrlfd-auth-token" was not released within 5000ms. This may indicate an orphaned lock from a component unmount (e.g., React Strict Mode). Forcefully acquiring the lock to recover. @ http://localhost:3000/_next/static/chunks/node_modules_next_dist_f3530cac._.js:2298
[    8855ms] [WARNING] @supabase/gotrue-js: Lock "lock:sb-qxgdljstlhzcavwvrlfd-auth-token" was not released within 5000ms. This may indicate an orphaned lock from a component unmount (e.g., React Strict Mode). Forcefully acquiring the lock to recover. @ http://localhost:3000/_next/static/chunks/node_modules_next_dist_f3530cac._.js:2298
[    8855ms] [WARNING] @supabase/gotrue-js: Lock "lock:sb-qxgdljstlhzcavwvrlfd-auth-token" was not released within 5000ms. This may indicate an orphaned lock from a component unmount (e.g., React Strict Mode). Forcefully acquiring the lock to recover. @ http://localhost:3000/_next/static/chunks/node_modules_next_dist_f3530cac._.js:2298
[    8856ms] [WARNING] @supabase/gotrue-js: Lock "lock:sb-qxgdljstlhzcavwvrlfd-auth-token" was not released within 5000ms. This may indicate an orphaned lock from a component unmount (e.g., React Strict Mode). Forcefully acquiring the lock to recover. @ http://localhost:3000/_next/static/chunks/node_modules_next_dist_f3530cac._.js:2298
[    8856ms] [WARNING] @supabase/gotrue-js: Lock "lock:sb-qxgdljstlhzcavwvrlfd-auth-token" was not released within 5000ms. This may indicate an orphaned lock from a component unmount (e.g., React Strict Mode). Forcefully acquiring the lock to recover. @ http://localhost:3000/_next/static/chunks/node_modules_next_dist_f3530cac._.js:2298
[    8857ms] [WARNING] @supabase/gotrue-js: Lock "lock:sb-qxgdljstlhzcavwvrlfd-auth-token" was not released within 5000ms. This may indicate an orphaned lock from a component unmount (e.g., React Strict Mode). Forcefully acquiring the lock to recover. @ http://localhost:3000/_next/static/chunks/node_modules_next_dist_f3530cac._.js:2298
[    8857ms] [WARNING] @supabase/gotrue-js: Lock "lock:sb-qxgdljstlhzcavwvrlfd-auth-token" was not released within 5000ms. This may indicate an orphaned lock from a component unmount (e.g., React Strict Mode). Forcefully acquiring the lock to recover. @ http://localhost:3000/_next/static/chunks/node_modules_next_dist_f3530cac._.js:2298
[    8858ms] [WARNING] @supabase/gotrue-js: Lock "lock:sb-qxgdljstlhzcavwvrlfd-auth-token" was not released within 5000ms. This may indicate an orphaned lock from a component unmount (e.g., React Strict Mode). Forcefully acquiring the lock to recover. @ http://localhost:3000/_next/static/chunks/node_modules_next_dist_f3530cac._.js:2298
[    8858ms] [WARNING] @supabase/gotrue-js: Lock "lock:sb-qxgdljstlhzcavwvrlfd-auth-token" was not released within 5000ms. This may indicate an orphaned lock from a component unmount (e.g., React Strict Mode). Forcefully acquiring the lock to recover. @ http://localhost:3000/_next/static/chunks/node_modules_next_dist_f3530cac._.js:2298
[    8859ms] [WARNING] @supabase/gotrue-js: Lock "lock:sb-qxgdljstlhzcavwvrlfd-auth-token" was not released within 5000ms. This may indicate an orphaned lock from a component unmount (e.g., React Strict Mode). Forcefully acquiring the lock to recover. @ http://localhost:3000/_next/static/chunks/node_modules_next_dist_f3530cac._.js:2298
[    8859ms] [WARNING] @supabase/gotrue-js: Lock "lock:sb-qxgdljstlhzcavwvrlfd-auth-token" was not released within 5000ms. This may indicate an orphaned lock from a component unmount (e.g., React Strict Mode). Forcefully acquiring the lock to recover. @ http://localhost:3000/_next/static/chunks/node_modules_next_dist_f3530cac._.js:2298
[    8859ms] [WARNING] @supabase/gotrue-js: Lock "lock:sb-qxgdljstlhzcavwvrlfd-auth-token" was not released within 5000ms. This may indicate an orphaned lock from a component unmount (e.g., React Strict Mode). Forcefully acquiring the lock to recover. @ http://localhost:3000/_next/static/chunks/node_modules_next_dist_f3530cac._.js:2298
[    8860ms] [WARNING] @supabase/gotrue-js: Lock "lock:sb-qxgdljstlhzcavwvrlfd-auth-token" was not released within 5000ms. This may indicate an orphaned lock from a component unmount (e.g., React Strict Mode). Forcefully acquiring the lock to recover. @ http://localhost:3000/_next/static/chunks/node_modules_next_dist_f3530cac._.js:2298
[    8860ms] [WARNING] @supabase/gotrue-js: Lock "lock:sb-qxgdljstlhzcavwvrlfd-auth-token" was not released within 5000ms. This may indicate an orphaned lock from a component unmount (e.g., React Strict Mode). Forcefully acquiring the lock to recover. @ http://localhost:3000/_next/static/chunks/node_modules_next_dist_f3530cac._.js:2298
[    8861ms] [WARNING] @supabase/gotrue-js: Lock "lock:sb-qxgdljstlhzcavwvrlfd-auth-token" was not released within 5000ms. This may indicate an orphaned lock from a component unmount (e.g., React Strict Mode). Forcefully acquiring the lock to recover. @ http://localhost:3000/_next/static/chunks/node_modules_next_dist_f3530cac._.js:2298
[    8924ms] Lock broken by another request with the 'steal' option.
[    8926ms] Lock broken by another request with the 'steal' option.
[    8931ms] Lock broken by another request with the 'steal' option.
[    8931ms] Lock broken by another request with the 'steal' option.
[    8931ms] Lock broken by another request with the 'steal' option.
[    8931ms] Lock broken by another request with the 'steal' option.
[    8931ms] Lock broken by another request with the 'steal' option.
[    8933ms] Lock broken by another request with the 'steal' option.
[    8933ms] Lock broken by another request with the 'steal' option.
[    8941ms] Lock broken by another request with the 'steal' option.
[    8942ms] Lock broken by another request with the 'steal' option.
[    8934ms] [WARNING] @supabase/gotrue-js: Lock "lock:sb-qxgdljstlhzcavwvrlfd-auth-token" was not released within 5000ms. This may indicate an orphaned lock from a component unmount (e.g., React Strict Mode). Forcefully acquiring the lock to recover. @ http://localhost:3000/_next/static/chunks/node_modules_next_dist_f3530cac._.js:2298
[    8934ms] [WARNING] @supabase/gotrue-js: Lock "lock:sb-qxgdljstlhzcavwvrlfd-auth-token" was not released within 5000ms. This may indicate an orphaned lock from a component unmount (e.g., React Strict Mode). Forcefully acquiring the lock to recover. @ http://localhost:3000/_next/static/chunks/node_modules_next_dist_f3530cac._.js:2298
[    8955ms] Lock broken by another request with the 'steal' option.
[  759331ms] [LOG] [Fast Refresh] rebuilding @ http://localhost:3000/_next/static/chunks/node_modules_next_dist_f3530cac._.js:2298
[  760759ms] [LOG] [Fast Refresh] done in 1339ms @ http://localhost:3000/_next/static/chunks/node_modules_next_dist_f3530cac._.js:2298
